{"ts": "2025-12-12T22:52:32.850744", "resource": "collection", "uid": "17451434-200dfc2b-fede-4d48-87ef-2f1247c4faca", "status": "deleted"}
{"ts": "2025-12-12T22:52:33.727471", "resource": "environment", "name": "Payments – Refund API – Dev", "uid": "17451434-ea3fd5ff-625a-4bdc-86b5-040e87a7d2b5", "status": "deleted"}
{"ts": "2025-12-12T22:52:34.493445", "resource": "environment", "name": "Payments – Refund API – Prod", "uid": "17451434-d55f5459-a6f3-4262-a9c9-e670fd155607", "status": "deleted"}
{"ts": "2025-12-12T22:52:35.111849", "resource": "environment", "name": "Payments – Refund API – QA", "uid": "17451434-7bb843e7-9294-4b09-ab6f-a531b9a9b4b8", "status": "deleted"}
{"ts": "2025-12-12T22:52:35.802943", "resource": "environment", "name": "Payments – Refund API – UAT", "uid": "17451434-0deec708-ed88-463d-a2c1-eb04cf84c102", "status": "deleted"}
{"ts": "2025-12-12T22:52:51.638813", "resource": "collection", "uid": "17451434-200dfc2b-fede-4d48-87ef-2f1247c4faca", "status": "error", "message": "Postman delete_collection failed: 404 - {\"error\":{\"name\":\"instanceNotFoundError\",\"message\":\"The specified item does not exist.\",\"details\":{\"item\":\"collection\",\"id\":\"200dfc2b-fede-4d48-87ef-2f1247c4faca\"}}}"}
{"ts": "2025-12-12T22:52:52.031163", "resource": "environment", "name": "Payments – Refund API – Dev", "uid": "17451434-ea3fd5ff-625a-4bdc-86b5-040e87a7d2b5", "status": "error", "message": "Postman delete_environment failed: 404 - {\"error\":{\"name\":\"instanceNotFoundError\",\"message\":\"The specified environment does not exist.\"}}"}
{"ts": "2025-12-12T22:52:52.436342", "resource": "environment", "name": "Payments – Refund API – Prod", "uid": "17451434-d55f5459-a6f3-4262-a9c9-e670fd155607", "status": "error", "message": "Postman delete_environment failed: 404 - {\"error\":{\"name\":\"instanceNotFoundError\",\"message\":\"The specified environment does not exist.\"}}"}
{"ts": "2025-12-12T22:52:52.850968", "resource": "environment", "name": "Payments – Refund API – QA", "uid": "17451434-7bb843e7-9294-4b09-ab6f-a531b9a9b4b8", "status": "error", "message": "Postman delete_environment failed: 404 - {\"error\":{\"name\":\"instanceNotFoundError\",\"message\":\"The specified environment does not exist.\"}}"}
{"ts": "2025-12-12T22:52:53.260508", "resource": "environment", "name": "Payments – Refund API – UAT", "uid": "17451434-0deec708-ed88-463d-a2c1-eb04cf84c102", "status": "error", "message": "Postman delete_environment failed: 404 - {\"error\":{\"name\":\"instanceNotFoundError\",\"message\":\"The specified environment does not exist.\"}}"}
{"ts": "2025-12-12T22:53:02.539036", "resource": "collection", "uid": "17451434-200dfc2b-fede-4d48-87ef-2f1247c4faca", "status": "error", "message": "Postman delete_collection failed: 404 - {\"error\":{\"name\":\"instanceNotFoundError\",\"message\":\"The specified item does not exist.\",\"details\":{\"item\":\"collection\",\"id\":\"200dfc2b-fede-4d48-87ef-2f1247c4faca\"}}}"}
{"ts": "2025-12-12T22:53:02.950123", "resource": "environment", "name": "Payments – Refund API – Dev", "uid": "17451434-ea3fd5ff-625a-4bdc-86b5-040e87a7d2b5", "status": "error", "message": "Postman delete_environment failed: 404 - {\"error\":{\"name\":\"instanceNotFoundError\",\"message\":\"The specified environment does not exist.\"}}"}
{"ts": "2025-12-12T22:53:03.359604", "resource": "environment", "name": "Payments – Refund API – Prod", "uid": "17451434-d55f5459-a6f3-4262-a9c9-e670fd155607", "status": "error", "message": "Postman delete_environment failed: 404 - {\"error\":{\"name\":\"instanceNotFoundError\",\"message\":\"The specified environment does not exist.\"}}"}
{"ts": "2025-12-12T22:53:03.762725", "resource": "environment", "name": "Payments – Refund API – QA", "uid": "17451434-7bb843e7-9294-4b09-ab6f-a531b9a9b4b8", "status": "error", "message": "Postman delete_environment failed: 404 - {\"error\":{\"name\":\"instanceNotFoundError\",\"message\":\"The specified environment does not exist.\"}}"}
{"ts": "2025-12-12T22:53:04.169851", "resource": "environment", "name": "Payments – Refund API – UAT", "uid": "17451434-0deec708-ed88-463d-a2c1-eb04cf84c102", "status": "error", "message": "Postman delete_environment failed: 404 - {\"error\":{\"name\":\"instanceNotFoundError\",\"message\":\"The specified environment does not exist.\"}}"}
{"ts": "2025-12-12T22:54:37.963797", "resource": "collection", "uid": "17451434-6c60c75b-a84c-464c-9d67-bc2fdc49edc5", "status": "deleted"}
{"ts": "2025-12-12T22:54:38.573232", "resource": "environment", "name": "Payments – Refund API – Dev", "uid": "17451434-a830fa32-bb3d-4600-b6fd-902735a36cb4", "status": "deleted"}
{"ts": "2025-12-12T22:54:39.200102", "resource": "environment", "name": "Payments – Refund API – Prod", "uid": "17451434-0af1f5f4-30cc-4842-b9d3-9857e356e530", "status": "deleted"}
{"ts": "2025-12-12T22:54:39.861664", "resource": "environment", "name": "Payments – Refund API – QA", "uid": "17451434-2815edfc-2ffc-489d-8011-738d607f6718", "status": "deleted"}
{"ts": "2025-12-12T22:54:40.557039", "resource": "environment", "name": "Payments – Refund API – UAT", "uid": "17451434-533487ac-1c9b-40b0-861a-29c52cbb6942", "status": "deleted"}
{"ts": "2025-12-12T22:54:45.063116", "resource": "collection", "uid": "17451434-6c60c75b-a84c-464c-9d67-bc2fdc49edc5", "status": "error", "message": "Postman delete_collection failed: 404 - {\"error\":{\"name\":\"instanceNotFoundError\",\"message\":\"The specified item does not exist.\",\"details\":{\"item\":\"collection\",\"id\":\"6c60c75b-a84c-464c-9d67-bc2fdc49edc5\"}}}"}
{"ts": "2025-12-12T22:54:45.455571", "resource": "environment", "name": "Payments – Refund API – Dev", "uid": "17451434-a830fa32-bb3d-4600-b6fd-902735a36cb4", "status": "error", "message": "Postman delete_environment failed: 404 - {\"error\":{\"name\":\"instanceNotFoundError\",\"message\":\"The specified environment does not exist.\"}}"}
{"ts": "2025-12-12T22:54:45.866961", "resource": "environment", "name": "Payments – Refund API – Prod", "uid": "17451434-0af1f5f4-30cc-4842-b9d3-9857e356e530", "status": "error", "message": "Postman delete_environment failed: 404 - {\"error\":{\"name\":\"instanceNotFoundError\",\"message\":\"The specified environment does not exist.\"}}"}
{"ts": "2025-12-12T22:54:46.274921", "resource": "environment", "name": "Payments – Refund API – QA", "uid": "17451434-2815edfc-2ffc-489d-8011-738d607f6718", "status": "error", "message": "Postman delete_environment failed: 404 - {\"error\":{\"name\":\"instanceNotFoundError\",\"message\":\"The specified environment does not exist.\"}}"}
{"ts": "2025-12-12T22:54:46.745459", "resource": "environment", "name": "Payments – Refund API – UAT", "uid": "17451434-533487ac-1c9b-40b0-861a-29c52cbb6942", "status": "error", "message": "Postman delete_environment failed: 404 - {\"error\":{\"name\":\"instanceNotFoundError\",\"message\":\"The specified environment does not exist.\"}}"}
{"ts": "2025-12-12T22:58:24.338439", "resource": "collection", "uid": "17451434-cc766285-a1ae-4342-9482-3b31d673be39", "status": "deleted"}
{"ts": "2025-12-12T22:58:24.978968", "resource": "environment", "name": "Payments – Refund API – Dev", "uid": "17451434-a22a7670-4d45-421a-a251-3bba8f7a701b", "status": "deleted"}
{"ts": "2025-12-12T22:58:25.630418", "resource": "environment", "name": "Payments – Refund API – Prod", "uid": "17451434-7f10ecd1-3b10-4fa3-8043-ef38c9b4ec3c", "status": "deleted"}
{"ts": "2025-12-12T22:58:26.245729", "resource": "environment", "name": "Payments – Refund API – QA", "uid": "17451434-e79ac143-7d10-492c-be49-4578b94932c2", "status": "deleted"}
{"ts": "2025-12-12T22:58:26.867099", "resource": "environment", "name": "Payments – Refund API – UAT", "uid": "17451434-0f89a64a-f512-48e9-b579-6e52a4b9a51c", "status": "deleted"}
{"ts": "2025-12-12T23:11:37.430137", "resource": "collection", "uid": "17451434-f318f7a5-bc06-417f-a1df-ff31462fc29d", "status": "deleted"}
{"ts": "2025-12-12T23:11:38.280518", "resource": "environment", "name": "Payments – Refund API – Dev", "uid": "17451434-848f290d-2018-4b74-8e4d-27e2f7e89652", "status": "deleted"}
{"ts": "2025-12-12T23:11:38.921815", "resource": "environment", "name": "Payments – Refund API – Prod", "uid": "17451434-c471c56f-ec4f-4f72-81dd-e43c6fc775e8", "status": "deleted"}
{"ts": "2025-12-12T23:11:39.554206", "resource": "environment", "name": "Payments – Refund API – QA", "uid": "17451434-6160557a-4ad1-4236-a0ca-f657ba8dd331", "status": "deleted"}
{"ts": "2025-12-12T23:11:40.320033", "resource": "environment", "name": "Payments – Refund API – UAT", "uid": "17451434-5361cd18-28f7-40be-b802-af7217e7b487", "status": "deleted"}
{"ts": "2025-12-12T23:15:08.372456", "resource": "collection", "uid": null, "status": "skipped", "message": "no uid found"}
{"ts": "2025-12-12T23:15:09.217794", "resource": "environment", "name": "Payments – Refund API – Dev", "uid": "17451434-d36ec111-fa8c-489b-a2a0-26fc82e344ef", "status": "deleted"}
{"ts": "2025-12-12T23:15:09.848006", "resource": "environment", "name": "Payments – Refund API – Prod", "uid": "17451434-a37bccef-9f2e-431c-ace4-42b5e5891e74", "status": "deleted"}
{"ts": "2025-12-12T23:15:10.518231", "resource": "environment", "name": "Payments – Refund API – QA", "uid": "17451434-e26e41cd-9a0a-466c-af96-5f5e687a3a55", "status": "deleted"}
{"ts": "2025-12-12T23:15:11.129478", "resource": "environment", "name": "Payments – Refund API – UAT", "uid": "17451434-d13224ee-472a-406b-b3d3-a1f79ee2f6f9", "status": "deleted"}
{"ts": "2025-12-12T23:18:34.942887", "resource": "collection", "uid": "17451434-2beb8c63-d814-4758-81de-493eb576172a", "status": "error", "message": "Postman delete_collection failed: 404 - {\"error\":{\"name\":\"instanceNotFoundError\",\"message\":\"The specified item does not exist.\",\"details\":{\"item\":\"collection\",\"id\":\"2beb8c63-d814-4758-81de-493eb576172a\"}}}"}
{"ts": "2025-12-12T23:18:35.525003", "resource": "environment", "name": "Payments – Refund API – Dev", "uid": "17451434-d36ec111-fa8c-489b-a2a0-26fc82e344ef", "status": "error", "message": "Postman delete_environment failed: 404 - {\"error\":{\"name\":\"instanceNotFoundError\",\"message\":\"The specified environment does not exist.\"}}"}
{"ts": "2025-12-12T23:18:35.920142", "resource": "environment", "name": "Payments – Refund API – Prod", "uid": "17451434-a37bccef-9f2e-431c-ace4-42b5e5891e74", "status": "error", "message": "Postman delete_environment failed: 404 - {\"error\":{\"name\":\"instanceNotFoundError\",\"message\":\"The specified environment does not exist.\"}}"}
{"ts": "2025-12-12T23:18:36.308604", "resource": "environment", "name": "Payments – Refund API – QA", "uid": "17451434-e26e41cd-9a0a-466c-af96-5f5e687a3a55", "status": "error", "message": "Postman delete_environment failed: 404 - {\"error\":{\"name\":\"instanceNotFoundError\",\"message\":\"The specified environment does not exist.\"}}"}
{"ts": "2025-12-12T23:18:36.732766", "resource": "environment", "name": "Payments – Refund API – UAT", "uid": "17451434-d13224ee-472a-406b-b3d3-a1f79ee2f6f9", "status": "error", "message": "Postman delete_environment failed: 404 - {\"error\":{\"name\":\"instanceNotFoundError\",\"message\":\"The specified environment does not exist.\"}}"}
