{"ts": "2025-12-12T23:10:15.577930Z", "action": "import_openapi_attempt", "status": "starting", "details": {"name": "Payment Refund API"}}
{"ts": "2025-12-12T23:10:16.632615Z", "action": "import_openapi", "status": "success", "details": {"imported_uid": "17451434-f318f7a5-bc06-417f-a1df-ff31462fc29d"}}
{"ts": "2025-12-12T23:10:16.633845Z", "action": "write_collection_file", "status": "success", "details": {"path": "C:\\Users\\shive\\Desktop\\postman-cse-payment-accelerator\\generated\\refund.collection.json"}}
{"ts": "2025-12-12T23:10:17.923016Z", "action": "upsert_collection", "status": "success", "details": {"uid": "17451434-f318f7a5-bc06-417f-a1df-ff31462fc29d"}}
{"ts": "2025-12-12T23:10:18.616284Z", "action": "upsert_environment", "status": "success", "details": {"environment": "Dev", "uid": "17451434-848f290d-2018-4b74-8e4d-27e2f7e89652"}}
{"ts": "2025-12-12T23:10:19.295315Z", "action": "upsert_environment", "status": "success", "details": {"environment": "QA", "uid": "17451434-6160557a-4ad1-4236-a0ca-f657ba8dd331"}}
{"ts": "2025-12-12T23:10:20.160444Z", "action": "upsert_environment", "status": "success", "details": {"environment": "UAT", "uid": "17451434-5361cd18-28f7-40be-b802-af7217e7b487"}}
{"ts": "2025-12-12T23:10:20.897363Z", "action": "upsert_environment", "status": "success", "details": {"environment": "Prod", "uid": "17451434-c471c56f-ec4f-4f72-81dd-e43c6fc775e8"}}
{"ts": "2025-12-12T23:14:20.863234Z", "action": "import_openapi_attempt", "status": "starting", "details": {"name": "Payment Refund API"}}
{"ts": "2025-12-12T23:14:23.169366Z", "action": "import_openapi", "status": "success", "details": {"imported_uid": "17451434-98054acb-641e-4b69-a725-3e2b8676580a"}}
{"ts": "2025-12-12T23:14:23.169807Z", "action": "local_conversion", "status": "starting", "details": {"reason": "import_missing_items"}}
{"ts": "2025-12-12T23:14:23.203262Z", "action": "local_conversion", "status": "success", "details": {"generated_items": 6}}
{"ts": "2025-12-12T23:14:23.204210Z", "action": "write_collection_file", "status": "success", "details": {"path": "C:\\Users\\shive\\Desktop\\postman-cse-payment-accelerator\\generated\\refund.collection.json"}}
{"ts": "2025-12-12T23:14:24.295824Z", "action": "upsert_collection", "status": "success", "details": {"uid": "17451434-98054acb-641e-4b69-a725-3e2b8676580a"}}
{"ts": "2025-12-12T23:14:24.929820Z", "action": "upsert_environment", "status": "success", "details": {"environment": "Dev", "uid": "17451434-e1922ddc-0a93-4132-a70b-e1b3e10de1b5"}}
{"ts": "2025-12-12T23:14:25.597416Z", "action": "upsert_environment", "status": "success", "details": {"environment": "QA", "uid": "17451434-a7dcb1ab-d007-4036-97ac-dffd2bb02a0e"}}
{"ts": "2025-12-12T23:14:26.279966Z", "action": "upsert_environment", "status": "success", "details": {"environment": "UAT", "uid": "17451434-61fa52ad-6bc5-4069-ba43-20a863304ad1"}}
{"ts": "2025-12-12T23:14:26.924438Z", "action": "upsert_environment", "status": "success", "details": {"environment": "Prod", "uid": "17451434-bac19bf7-4362-483e-b7b2-fef6382a3628"}}
{"ts": "2025-12-12T23:14:52.456959Z", "action": "import_openapi_attempt", "status": "starting", "details": {"name": "Payment Refund API"}}
{"ts": "2025-12-12T23:14:54.710851Z", "action": "import_openapi", "status": "success", "details": {"imported_uid": "17451434-2beb8c63-d814-4758-81de-493eb576172a"}}
{"ts": "2025-12-12T23:14:54.711334Z", "action": "local_conversion", "status": "starting", "details": {"reason": "import_missing_items"}}
{"ts": "2025-12-12T23:14:54.743631Z", "action": "local_conversion", "status": "success", "details": {"generated_items": 6}}
{"ts": "2025-12-12T23:14:54.744478Z", "action": "write_collection_file", "status": "success", "details": {"path": "C:\\Users\\shive\\Desktop\\postman-cse-payment-accelerator\\generated\\refund.collection.json"}}
{"ts": "2025-12-12T23:14:55.994051Z", "action": "upsert_collection", "status": "success", "details": {"uid": "17451434-2beb8c63-d814-4758-81de-493eb576172a"}}
{"ts": "2025-12-12T23:14:56.700078Z", "action": "upsert_environment", "status": "success", "details": {"environment": "Dev", "uid": "17451434-d36ec111-fa8c-489b-a2a0-26fc82e344ef"}}
{"ts": "2025-12-12T23:14:57.340034Z", "action": "upsert_environment", "status": "success", "details": {"environment": "QA", "uid": "17451434-e26e41cd-9a0a-466c-af96-5f5e687a3a55"}}
{"ts": "2025-12-12T23:14:57.998549Z", "action": "upsert_environment", "status": "success", "details": {"environment": "UAT", "uid": "17451434-d13224ee-472a-406b-b3d3-a1f79ee2f6f9"}}
{"ts": "2025-12-12T23:14:58.686034Z", "action": "upsert_environment", "status": "success", "details": {"environment": "Prod", "uid": "17451434-a37bccef-9f2e-431c-ace4-42b5e5891e74"}}
{"ts": "2025-12-12T23:19:12.960467Z", "action": "import_openapi_attempt", "status": "starting", "details": {"name": "Payment Refund API"}}
{"ts": "2025-12-12T23:19:15.278061Z", "action": "import_openapi", "status": "success", "details": {"imported_uid": "17451434-0b4ea7d4-f26f-465b-b125-162428aa554e"}}
{"ts": "2025-12-12T23:19:15.278635Z", "action": "local_conversion", "status": "starting", "details": {"reason": "import_missing_items"}}
{"ts": "2025-12-12T23:19:15.311661Z", "action": "local_conversion", "status": "success", "details": {"generated_items": 6}}
{"ts": "2025-12-12T23:19:15.312479Z", "action": "write_collection_file", "status": "success", "details": {"path": "C:\\Users\\shive\\Desktop\\postman-cse-payment-accelerator\\generated\\refund.collection.json"}}
{"ts": "2025-12-12T23:19:16.533442Z", "action": "upsert_collection", "status": "success", "details": {"uid": "17451434-0b4ea7d4-f26f-465b-b125-162428aa554e"}}
{"ts": "2025-12-12T23:19:17.336936Z", "action": "upsert_environment", "status": "success", "details": {"environment": "Dev", "uid": "17451434-69a39888-1cd1-410b-9866-52e6ec761a69"}}
{"ts": "2025-12-12T23:19:18.045714Z", "action": "upsert_environment", "status": "success", "details": {"environment": "QA", "uid": "17451434-452c85d8-a901-4241-84a2-10e0bdda1a48"}}
{"ts": "2025-12-12T23:19:18.809893Z", "action": "upsert_environment", "status": "success", "details": {"environment": "UAT", "uid": "17451434-4e04f91b-ada2-4917-8245-7fa8a3b78df1"}}
{"ts": "2025-12-12T23:19:19.514202Z", "action": "upsert_environment", "status": "success", "details": {"environment": "Prod", "uid": "17451434-5bc09ca3-8a3a-428f-8705-61085021487d"}}
{"ts": "2025-12-12T23:25:27.090637+00:00", "action": "spec_hash_check", "status": "changed", "details": {"prev": null, "now": "79f64630f88e42042c3a60e3607732908e13b50726649bcdcd0f236f7645d9b4"}}
{"ts": "2025-12-12T23:25:27.090980+00:00", "action": "import_openapi_attempt", "status": "starting", "details": {"name": "Payment Refund API"}}
{"ts": "2025-12-12T23:25:29.547994+00:00", "action": "import_openapi", "status": "success", "details": {"imported_uid": "17451434-77cd5257-c622-4c5e-aaf6-7cac52ca0043"}}
{"ts": "2025-12-12T23:25:29.548514+00:00", "action": "local_conversion", "status": "starting", "details": {"reason": "import_missing_items"}}
{"ts": "2025-12-12T23:25:29.582534+00:00", "action": "local_conversion", "status": "success", "details": {"generated_items": 6}}
{"ts": "2025-12-12T23:25:29.583432+00:00", "action": "write_collection_file", "status": "success", "details": {"path": "C:\\Users\\shive\\Desktop\\postman-cse-payment-accelerator\\generated\\refund.collection.json"}}
{"ts": "2025-12-12T23:25:30.646982+00:00", "action": "upsert_collection", "status": "success", "details": {"uid": "17451434-77cd5257-c622-4c5e-aaf6-7cac52ca0043"}}
{"ts": "2025-12-12T23:25:31.305838+00:00", "action": "upsert_environment", "status": "success", "details": {"environment": "Dev", "uid": "17451434-553aa595-bd33-4550-b093-ca24fcb6650d"}}
{"ts": "2025-12-12T23:25:31.996244+00:00", "action": "upsert_environment", "status": "success", "details": {"environment": "QA", "uid": "17451434-48193d0e-8d2b-489a-a257-bdc82b8862fd"}}
{"ts": "2025-12-12T23:25:32.674909+00:00", "action": "upsert_environment", "status": "success", "details": {"environment": "UAT", "uid": "17451434-7b02d929-ae01-46cb-a4c3-620f4cda7c3d"}}
{"ts": "2025-12-12T23:25:33.322005+00:00", "action": "upsert_environment", "status": "success", "details": {"environment": "Prod", "uid": "17451434-e2bfc8a7-e077-4f5b-8cc1-643e850be87f"}}
{"ts": "2025-12-12T23:25:33.323345+00:00", "action": "state_write", "status": "success", "details": {"path": "C:\\Users\\shive\\Desktop\\postman-cse-payment-accelerator\\generated\\state.json"}}
{"ts": "2025-12-12T23:58:30.859440+00:00", "action": "spec_hash_check", "status": "unchanged", "details": {"spec_hash": "79f64630f88e42042c3a60e3607732908e13b50726649bcdcd0f236f7645d9b4"}}
{"ts": "2025-12-12T23:59:30.160850+00:00", "action": "spec_hash_check", "status": "changed", "details": {"prev": "79f64630f88e42042c3a60e3607732908e13b50726649bcdcd0f236f7645d9b4", "now": "79f64630f88e42042c3a60e3607732908e13b50726649bcdcd0f236f7645d9b4"}}
{"ts": "2025-12-12T23:59:30.161191+00:00", "action": "import_openapi_attempt", "status": "starting", "details": {"name": "Payment Refund API"}}
{"ts": "2025-12-12T23:59:32.660587+00:00", "action": "import_openapi", "status": "success", "details": {"imported_uid": "17451434-886069ad-4c5a-4c00-9b11-c09575d6cefa"}}
{"ts": "2025-12-12T23:59:32.660998+00:00", "action": "local_conversion", "status": "starting", "details": {"reason": "import_missing_items"}}
{"ts": "2025-12-12T23:59:32.697056+00:00", "action": "local_conversion", "status": "success", "details": {"generated_items": 6}}
{"ts": "2025-12-12T23:59:32.698263+00:00", "action": "write_collection_file", "status": "success", "details": {"path": "C:\\Users\\shive\\Desktop\\postman-cse-payment-accelerator\\generated\\refund.collection.json"}}
{"ts": "2025-12-12T23:59:34.104636+00:00", "action": "upsert_collection", "status": "success", "details": {"uid": "17451434-886069ad-4c5a-4c00-9b11-c09575d6cefa"}}
{"ts": "2025-12-12T23:59:34.914362+00:00", "action": "upsert_environment", "status": "success", "details": {"environment": "Dev", "uid": "17451434-5929e9bd-1fe8-4d0b-9949-8ac5a5c1e936"}}
{"ts": "2025-12-12T23:59:35.594075+00:00", "action": "upsert_environment", "status": "success", "details": {"environment": "QA", "uid": "17451434-49a56aa6-dc7b-4071-b288-4cdd83274d3f"}}
{"ts": "2025-12-12T23:59:36.416476+00:00", "action": "upsert_environment", "status": "success", "details": {"environment": "UAT", "uid": "17451434-1765d744-e150-4a9e-b76c-821549cd9b9f"}}
{"ts": "2025-12-12T23:59:37.256622+00:00", "action": "upsert_environment", "status": "success", "details": {"environment": "Prod", "uid": "17451434-b16a60c1-99e3-4470-9bc1-4dfc38db02a8"}}
{"ts": "2025-12-12T23:59:37.257695+00:00", "action": "state_write", "status": "success", "details": {"path": "C:\\Users\\shive\\Desktop\\postman-cse-payment-accelerator\\generated\\state.json"}}
{"ts": "2025-12-13T00:08:58.347573+00:00", "action": "spec_hash_check", "status": "unchanged", "details": {"spec_hash": "79f64630f88e42042c3a60e3607732908e13b50726649bcdcd0f236f7645d9b4"}}
